生成启动时间为 2015/5/8 17:57:43。
     1>项目“E:\量化投资\项目\CTP源代码\CTP期货交易系统_旗舰版\CTP期货交易系统_旗舰版\CTP期货交易系统_旗舰版.vcxproj”在节点 2 上(build 个目标)。
     1>InitializeBuildStatus:
         正在对“Release\CTP期货交易系统_旗舰版.unsuccessfulbuild”执行 Touch 任务。
       ClCompile:
         C:\Program Files (x86)\Microsoft Visual Studio 10.0\VC\bin\CL.exe /c /Zi /nologo /W3 /WX- /O2 /Oi /Oy- /GL /D WIN32 /D NDEBUG /D _CONSOLE /D _MBCS /Gm- /EHsc /MTd /GS /Gy /fp:precise /Zc:wchar_t /Zc:forScope /Fo"Release\\" /Fd"Release\vc100.pdb" /Gd /TP /analyze- /errorReport:prompt ctp.cpp mdspi.cpp strategy.cpp StructFunction.cpp traderspi.cpp
         ctp.cpp
         _WIN32_WINNT not defined. Defaulting to _WIN32_WINNT_MAXVER (see WinSDKVer.h)
         mdspi.cpp
         _WIN32_WINNT not defined. Defaulting to _WIN32_WINNT_MAXVER (see WinSDKVer.h)
         strategy.cpp
         StructFunction.cpp
         _WIN32_WINNT not defined. Defaulting to _WIN32_WINNT_MAXVER (see WinSDKVer.h)
         traderspi.cpp
       Link:
         C:\Program Files (x86)\Microsoft Visual Studio 10.0\VC\bin\link.exe /ERRORREPORT:PROMPT /OUT:"E:\量化投资\项目\CTP源代码\CTP期货交易系统_旗舰版\Release\CTP期货交易系统_旗舰版.exe" /INCREMENTAL:NO /NOLOGO kernel32.lib user32.lib gdi32.lib winspool.lib comdlg32.lib advapi32.lib shell32.lib ole32.lib oleaut32.lib uuid.lib odbc32.lib odbccp32.lib /MANIFEST /ManifestFile:"Release\CTP期货交易系统_旗舰版.exe.intermediate.manifest" /MANIFESTUAC:"level='asInvoker' uiAccess='false'" /DEBUG /PDB:"E:\量化投资\项目\CTP源代码\CTP期货交易系统_旗舰版\Release\CTP期货交易系统_旗舰版.pdb" /SUBSYSTEM:CONSOLE /OPT:REF /OPT:ICF /LTCG /TLBID:1 /DYNAMICBASE /NXCOMPAT /IMPLIB:"E:\量化投资\项目\CTP源代码\CTP期货交易系统_旗舰版\Release\CTP期货交易系统_旗舰版.lib" /MACHINE:X86 Release\ctp.obj
         Release\mdspi.obj
         Release\strategy.obj
         Release\StructFunction.obj
         Release\traderspi.obj
         thostmduserapi.lib
         thosttraderapi.lib
         正在生成代码
         已完成代码的生成
         CTP期货交易系统_旗舰版.vcxproj -> E:\量化投资\项目\CTP源代码\CTP期货交易系统_旗舰版\Release\CTP期货交易系统_旗舰版.exe
       Manifest:
         C:\Program Files (x86)\Microsoft SDKs\Windows\v7.0A\bin\mt.exe /nologo /verbose /outputresource:"E:\量化投资\项目\CTP源代码\CTP期货交易系统_旗舰版\Release\CTP期货交易系统_旗舰版.exe;#1" /manifest "Release\CTP期货交易系统_旗舰版.exe.intermediate.manifest"
       FinalizeBuildStatus:
         正在删除文件“Release\CTP期货交易系统_旗舰版.unsuccessfulbuild”。
         正在对“Release\CTP期货交易系统_旗舰版.lastbuildstate”执行 Touch 任务。
     1>已完成生成项目“E:\量化投资\项目\CTP源代码\CTP期货交易系统_旗舰版\CTP期货交易系统_旗舰版\CTP期货交易系统_旗舰版.vcxproj”(build 个目标)的操作。

生成成功。

已用时间 00:00:09.69
