Build started 2018/12/11 10:27:55.
     1>Project "D:\Coding_Applications\Codes\Github\CTPTrader\LogicalTrader\CTP期货交易系统_旗舰版\CTP期货交易系统_旗舰版.vcxproj" on node 2 (Build target(s)).
     1>ClCompile:
         D:\Coding_Applications\VisualStudio2013\VC\bin\CL.exe /c /Zi /nologo /W3 /WX- /O2 /Oi /Oy- /GL /D WIN32 /D NDEBUG /D _CONSOLE /D _MBCS /Gm- /EHsc /MTd /GS /Gy /fp:precise /Zc:wchar_t /Zc:forScope /Fo"Release\\" /Fd"Release\vc120.pdb" /Gd /TP /analyze- /errorReport:prompt strategy.cpp
         strategy.cpp
     1>strategy.cpp(58): warning C4305: 'argument' : truncation from '__int64' to 'int'
     1>strategy.cpp(58): warning C4309: 'argument' : truncation of constant value
     1>strategy.cpp(153): warning C4244: '=' : conversion from 'J' to 'int', possible loss of data
     1>strategy.cpp(183): warning C4244: '=' : conversion from 'J' to 'int', possible loss of data
     1>strategy.cpp(196): warning C4244: '=' : conversion from 'J' to 'int', possible loss of data
     1>strategy.cpp(430): warning C4244: '=' : conversion from 'J' to 'int', possible loss of data
     1>strategy.cpp(448): warning C4244: '=' : conversion from 'J' to 'int', possible loss of data
     1>strategy.cpp(654): warning C4244: '=' : conversion from 'J' to 'int', possible loss of data
     1>strategy.cpp(684): warning C4996: 'localtime': This function or variable may be unsafe. Consider using localtime_s instead. To disable deprecation, use _CRT_SECURE_NO_WARNINGS. See online help for details.
                 D:\Coding_Applications\VisualStudio2013\VC\include\time.inl(112) : see declaration of 'localtime'
       Link:
         D:\Coding_Applications\VisualStudio2013\VC\bin\link.exe /ERRORREPORT:PROMPT /OUT:"D:\Coding_Applications\Codes\Github\CTPTrader\LogicalTrader\Release\CTP期货交易系统_旗舰版.exe" /INCREMENTAL:NO /NOLOGO kernel32.lib user32.lib gdi32.lib winspool.lib comdlg32.lib advapi32.lib shell32.lib ole32.lib oleaut32.lib uuid.lib odbc32.lib odbccp32.lib /MANIFEST /MANIFESTUAC:"level='asInvoker' uiAccess='false'" /manifest:embed /DEBUG /PDB:"D:\Coding_Applications\Codes\Github\CTPTrader\LogicalTrader\Release\CTP期货交易系统_旗舰版.pdb" /SUBSYSTEM:CONSOLE /OPT:REF /OPT:ICF /LTCG /TLBID:1 /DYNAMICBASE /NXCOMPAT /IMPLIB:"D:\Coding_Applications\Codes\Github\CTPTrader\LogicalTrader\Release\CTP期货交易系统_旗舰版.lib" /MACHINE:X86 /SAFESEH Release\ctp.obj
         Release\kdb_function.obj
         Release\Logger.obj
         Release\mdspi.obj
         Release\strategy.obj
         Release\StructFunction.obj
         Release\traderspi.obj
         c.lib
         thostmduserapi.lib
         thosttraderapi.lib
         Generating code
         Finished generating code
         CTP期货交易系统_旗舰版.vcxproj -> D:\Coding_Applications\Codes\Github\CTPTrader\LogicalTrader\Release\CTP期货交易系统_旗舰版.exe
     1>Done Building Project "D:\Coding_Applications\Codes\Github\CTPTrader\LogicalTrader\CTP期货交易系统_旗舰版\CTP期货交易系统_旗舰版.vcxproj" (Build target(s)).

Build succeeded.

Time Elapsed 00:00:15.65
