Sun Oct 21 16:48:18 2018  [ALWAYS]: <=============================== START OF PROGRAM CTP TRADER ===============================>
Sun Oct 21 16:48:18 2018  [INFO]: 9011_AccountParam_SHE_SIM_zn_8_175_1.ini
Mon Oct 22 14:38:24 2018  [ALWAYS]: <=============================== START OF PROGRAM CTP TRADER ===============================>
Mon Oct 22 14:58:51 2018  [ALWAYS]: <=============================== START OF PROGRAM CTP TRADER ===============================>
Mon Oct 22 15:00:05 2018  [ALWAYS]: <=============================== START OF PROGRAM CTP TRADER ===============================>
Mon Oct 22 15:06:55 2018  [ALWAYS]: <=============================== START OF PROGRAM CTP TRADER ===============================>
Mon Oct 22 15:07:26 2018  [ALWAYS]: <=============================== START OF PROGRAM CTP TRADER ===============================>
Mon Oct 22 15:20:57 2018  [ALWAYS]: <=============================== START OF PROGRAM CTP TRADER ===============================>
Mon Oct 22 15:22:21 2018  [ALWAYS]: <=============================== START OF PROGRAM CTP TRADER ===============================>
Mon Oct 22 15:25:18 2018  [ALWAYS]: <=============================== START OF PROGRAM CTP TRADER ===============================>
Mon Oct 22 15:26:30 2018  [ALWAYS]: <=============================== START OF PROGRAM CTP TRADER ===============================>
Mon Oct 22 15:30:04 2018  [ALWAYS]: <=============================== START OF PROGRAM CTP TRADER ===============================>
Mon Oct 22 15:41:59 2018  [ALWAYS]: <=============================== START OF PROGRAM CTP TRADER ===============================>
Mon Oct 22 15:45:19 2018  [ALWAYS]: <=============================== START OF PROGRAM CTP TRADER ===============================>
Wed Oct 24 20:58:23 2018  [ALWAYS]: <=============================== START OF PROGRAM CTP TRADER ===============================>
Wed Oct 24 21:00:46 2018  [ALWAYS]: <=============================== START OF PROGRAM CTP TRADER ===============================>
Wed Oct 24 21:06:21 2018  [ALWAYS]: <=============================== START OF PROGRAM CTP TRADER ===============================>
Wed Oct 24 21:11:29 2018  [ALWAYS]: <=============================== START OF PROGRAM CTP TRADER ===============================>
Wed Oct 24 21:24:27 2018  [ALWAYS]: <=============================== START OF PROGRAM CTP TRADER ===============================>
Wed Oct 24 21:26:55 2018  [ALWAYS]: <=============================== START OF PROGRAM CTP TRADER ===============================>
Wed Oct 31 09:26:42 2018  [ALWAYS]: <=============================== START OF PROGRAM CTP TRADER ===============================>
Wed Oct 31 10:04:18 2018  [ALWAYS]: <=============================== START OF PROGRAM CTP TRADER ===============================>
Mon Nov 05 21:18:09 2018  [ALWAYS]: <=============================== START OF PROGRAM CTP TRADER ===============================>
Mon Nov 05 21:24:45 2018  [ALWAYS]: <=============================== START OF PROGRAM CTP TRADER ===============================>
Mon Nov 05 21:27:45 2018  [ALWAYS]: <=============================== START OF PROGRAM CTP TRADER ===============================>
Thu Nov 08 14:27:09 2018  [ALWAYS]: <=============================== START OF PROGRAM CTP TRADER ===============================>
Thu Nov 08 14:27:38 2018  [ALWAYS]: <=============================== START OF PROGRAM CTP TRADER ===============================>
Thu Nov 08 14:28:11 2018  [ALWAYS]: <=============================== START OF PROGRAM CTP TRADER ===============================>
Thu Nov 08 14:30:53 2018  [ALWAYS]: <=============================== START OF PROGRAM CTP TRADER ===============================>
Thu Nov 08 14:31:46 2018  [ALWAYS]: <=============================== START OF PROGRAM CTP TRADER ===============================>
Thu Nov 08 14:33:12 2018  [ALWAYS]: <=============================== START OF PROGRAM CTP TRADER ===============================>
Thu Nov 08 14:34:56 2018  [ALWAYS]: <=============================== START OF PROGRAM CTP TRADER ===============================>
Thu Nov 08 14:35:24 2018  [ALWAYS]: <=============================== START OF PROGRAM CTP TRADER ===============================>
Thu Nov 08 14:37:40 2018  [ALWAYS]: <=============================== START OF PROGRAM CTP TRADER ===============================>
Thu Nov 08 14:38:12 2018  [ALWAYS]: <=============================== START OF PROGRAM CTP TRADER ===============================>
Thu Nov 08 14:42:39 2018  [ALWAYS]: <=============================== START OF PROGRAM CTP TRADER ===============================>
Thu Nov 08 20:42:47 2018  [ALWAYS]: <=============================== START OF PROGRAM CTP TRADER ===============================>
Thu Nov 08 20:43:23 2018  [ALWAYS]: <=============================== START OF PROGRAM CTP TRADER ===============================>
Thu Nov 08 20:45:06 2018  [ALWAYS]: <=============================== START OF PROGRAM CTP TRADER ===============================>
Thu Nov 08 20:45:49 2018  [ALWAYS]: <=============================== START OF PROGRAM CTP TRADER ===============================>
Thu Nov 08 20:46:33 2018  [ALWAYS]: <=============================== START OF PROGRAM CTP TRADER ===============================>
Thu Nov 08 20:51:28 2018  [ALWAYS]: <=============================== START OF PROGRAM CTP TRADER ===============================>
Thu Nov 08 20:52:01 2018  [ALWAYS]: <=============================== START OF PROGRAM CTP TRADER ===============================>
Thu Nov 08 20:52:57 2018  [ALWAYS]: <=============================== START OF PROGRAM CTP TRADER ===============================>
Thu Nov 08 20:54:49 2018  [ALWAYS]: <=============================== START OF PROGRAM CTP TRADER ===============================>
Thu Nov 08 20:55:12 2018  [ALWAYS]: <=============================== START OF PROGRAM CTP TRADER ===============================>
Thu Nov 08 20:55:49 2018  [ALWAYS]: <=============================== START OF PROGRAM CTP TRADER ===============================>
Fri Nov 09 00:27:41 2018  [ALWAYS]: <=============================== START OF PROGRAM CTP TRADER ===============================>
Fri Nov 09 00:28:53 2018  [ALWAYS]: <=============================== START OF PROGRAM CTP TRADER ===============================>
Fri Nov 09 00:33:20 2018  [ALWAYS]: <=============================== START OF PROGRAM CTP TRADER ===============================>
Fri Nov 09 01:58:16 2018  [ALWAYS]: <=============================== START OF PROGRAM CTP TRADER ===============================>
Fri Nov 09 11:06:48 2018  [ALWAYS]: <=============================== START OF PROGRAM CTP TRADER ===============================>
Fri Nov 09 11:07:22 2018  [ALWAYS]: <=============================== START OF PROGRAM CTP TRADER ===============================>
Fri Nov 09 11:08:40 2018  [ALWAYS]: <=============================== START OF PROGRAM CTP TRADER ===============================>
Fri Nov 09 11:10:32 2018  [ALWAYS]: <=============================== START OF PROGRAM CTP TRADER ===============================>
Fri Nov 09 11:12:58 2018  [ALWAYS]: <=============================== START OF PROGRAM CTP TRADER ===============================>
Fri Nov 09 11:15:44 2018  [ALWAYS]: <=============================== START OF PROGRAM CTP TRADER ===============================>
Fri Nov 09 11:22:22 2018  [ALWAYS]: <=============================== START OF PROGRAM CTP TRADER ===============================>
Tue Nov 27 12:29:45 2018  [ALWAYS]: <=============================== START OF PROGRAM CTP TRADER ===============================>
Tue Nov 27 12:35:29 2018  [ALWAYS]: <=============================== START OF PROGRAM CTP TRADER ===============================>
