生成启动时间为 2015/5/8 13:18:14。
     1>项目“E:\量化投资\项目\CTP源代码\CTP期货交易系统_旗舰版\CTP期货交易系统_旗舰版\CTP期货交易系统_旗舰版.vcxproj”在节点 2 上(build 个目标)。
     1>InitializeBuildStatus:
         正在创建“Debug\CTP期货交易系统_旗舰版.unsuccessfulbuild”，因为已指定“AlwaysCreate”。
       ClCompile:
         C:\Program Files (x86)\Microsoft Visual Studio 10.0\VC\bin\CL.exe /c /ZI /nologo /W3 /WX- /Od /Oy- /D WIN32 /D _DEBUG /D _CONSOLE /D _MBCS /Gm /EHsc /RTC1 /MTd /GS /fp:precise /Zc:wchar_t /Zc:forScope /Fo"Debug\\" /Fd"Debug\vc100.pdb" /Gd /TP /analyze- /errorReport:prompt ctp.cpp
         ctp.cpp
         _WIN32_WINNT not defined. Defaulting to _WIN32_WINNT_MAXVER (see WinSDKVer.h)
       ManifestResourceCompile:
         所有输出均为最新。
       Link:
         C:\Program Files (x86)\Microsoft Visual Studio 10.0\VC\bin\link.exe /ERRORREPORT:PROMPT /OUT:"E:\量化投资\项目\CTP源代码\CTP期货交易系统_旗舰版\Debug\CTP期货交易系统_旗舰版.exe" /INCREMENTAL /NOLOGO kernel32.lib user32.lib gdi32.lib winspool.lib comdlg32.lib advapi32.lib shell32.lib ole32.lib oleaut32.lib uuid.lib odbc32.lib odbccp32.lib /MANIFEST /ManifestFile:"Debug\CTP期货交易系统_旗舰版.exe.intermediate.manifest" /MANIFESTUAC:"level='asInvoker' uiAccess='false'" /DEBUG /PDB:"E:\量化投资\项目\CTP源代码\CTP期货交易系统_旗舰版\Debug\CTP期货交易系统_旗舰版.pdb" /SUBSYSTEM:CONSOLE /TLBID:1 /DYNAMICBASE /NXCOMPAT /IMPLIB:"E:\量化投资\项目\CTP源代码\CTP期货交易系统_旗舰版\Debug\CTP期货交易系统_旗舰版.lib" /MACHINE:X86 "Debug\CTP期货交易系统_旗舰版.exe.embed.manifest.res"
         Debug\ctp.obj
         Debug\mdspi.obj
         Debug\strategy.obj
         Debug\StructFunction.obj
         Debug\traderspi.obj
         thostmduserapi.lib
         thosttraderapi.lib
       Manifest:
         C:\Program Files (x86)\Microsoft SDKs\Windows\v7.0A\bin\mt.exe /nologo /verbose /out:"Debug\CTP期货交易系统_旗舰版.exe.embed.manifest" /manifest "Debug\CTP期货交易系统_旗舰版.exe.intermediate.manifest"
         所有输出均为最新。
       LinkEmbedManifest:
         所有输出均为最新。
         CTP期货交易系统_旗舰版.vcxproj -> E:\量化投资\项目\CTP源代码\CTP期货交易系统_旗舰版\Debug\CTP期货交易系统_旗舰版.exe
       FinalizeBuildStatus:
         正在删除文件“Debug\CTP期货交易系统_旗舰版.unsuccessfulbuild”。
         正在对“Debug\CTP期货交易系统_旗舰版.lastbuildstate”执行 Touch 任务。
     1>已完成生成项目“E:\量化投资\项目\CTP源代码\CTP期货交易系统_旗舰版\CTP期货交易系统_旗舰版\CTP期货交易系统_旗舰版.vcxproj”(build 个目标)的操作。

生成成功。

已用时间 00:00:14.00
